Using pre-set license
Built from '2021.1/staging' branch; Version is '2021.1.3f1 (4bef613afd59) revision 4976481'; Using compiler version '192528614'; Build Type 'Release'
OS: 'Windows 10 Pro; OS build 19042.1466; Version 2009; 64bit' Language: 'tr' Physical Memory: 8029 MB
BatchMode: 1, IsHumanControllingUs: 0, StartBugReporterOnCrash: 0, Is64bit: 1, IsPro: 0

 COMMAND LINE ARGUMENTS:
C:\Program Files\Unity\Hub\Editor\2021.1.3f1\Editor\Unity.exe
-adb2
-batchMode
-noUpm
-name
AssetImportWorker0
-projectPath
C:/Users/PC/Desktop/SpcaxeR
-logFile
Logs/AssetImportWorker0.log
-srvPort
60821
Successfully changed project path to: C:/Users/PC/Desktop/SpcaxeR
C:/Users/PC/Desktop/SpcaxeR
Using Asset Import Pipeline V2.
Refreshing native plugins compatible for Editor in 78.14 ms, found 1 plugins.
Preloading 0 native plugins for Editor in 0.00 ms.
Initialize engine version: 2021.1.3f1 (4bef613afd59)
[Subsystems] Discovering subsystems at path C:/Program Files/Unity/Hub/Editor/2021.1.3f1/Editor/Data/Resources/UnitySubsystems
[Subsystems] Discovering subsystems at path C:/Users/PC/Desktop/SpcaxeR/Assets
GfxDevice: creating device client; threaded=0; jobified=0
Direct3D:
    Version:  Direct3D 11.0 [level 11.1]
    Renderer: NVIDIA GeForce GTX 1650 (ID=0x1f91)
    Vendor:   NVIDIA
    VRAM:     3962 MB
    Driver:   30.0.14.7141
Initialize mono
Mono path[0] = 'C:/Program Files/Unity/Hub/Editor/2021.1.3f1/Editor/Data/Managed'
Mono path[1] = 'C:/Program Files/Unity/Hub/Editor/2021.1.3f1/Editor/Data/MonoBleedingEdge/lib/mono/unityjit'
Mono config path = 'C:/Program Files/Unity/Hub/Editor/2021.1.3f1/Editor/Data/MonoBleedingEdge/etc'
Using monoOptions --debugger-agent=transport=dt_socket,embedding=1,server=y,suspend=n,address=127.0.0.1:56684
Begin MonoManager ReloadAssembly
Registering precompiled unity dll's ...
Register platform support module: C:/Program Files/Unity/Hub/Editor/2021.1.3f1/Editor/Data/PlaybackEngines/WindowsStandaloneSupport/UnityEditor.WindowsStandalone.Extensions.dll
Registered in 0.002190 seconds.
Native extension for WindowsStandalone target not found
Refreshing native plugins compatible for Editor in 84.64 ms, found 1 plugins.
Preloading 0 native plugins for Editor in 0.00 ms.
Mono: successfully reloaded assembly
- Completed reload, in  1.792 seconds
Platform modules already initialized, skipping
Registering precompiled user dll's ...
Registered in 0.004549 seconds.
Begin MonoManager ReloadAssembly
Native extension for WindowsStandalone target not found
Refreshing native plugins compatible for Editor in 0.66 ms, found 1 plugins.
Preloading 0 native plugins for Editor in 0.00 ms.
Mono: successfully reloaded assembly
- Completed reload, in  1.092 seconds
Platform modules already initialized, skipping
========================================================================
Worker process is ready to serve import requests
Launched and connected shader compiler UnityShaderCompiler.exe after 0.07 seconds
Refreshing native plugins compatible for Editor in 0.75 ms, found 1 plugins.
Preloading 0 native plugins for Editor in 0.00 ms.
Unloading 2670 Unused Serialized files (Serialized files now loaded: 0)
System memory in use before: 112.0 MB.
System memory in use after: 112.2 MB.

Unloading 15 unused Assets to reduce memory usage. Loaded Objects now: 3148.
Total: 2.833600 ms (FindLiveObjects: 0.575900 ms CreateObjectMapping: 0.125900 ms MarkObjects: 2.053700 ms  DeleteObjects: 0.073200 ms)

========================================================================
Received Import Request.
  path: Assets/Scripts/Hareket.cs
  artifactKey: Guid(d1a5b5eb75de6be4784641d28c139ddf) Importer(815301076,1909f56bfc062723c751e8b465ee728b)
Start importing Assets/Scripts/Hareket.cs using Guid(d1a5b5eb75de6be4784641d28c139ddf) Importer(815301076,1909f56bfc062723c751e8b465ee728b)  -> (artifact id: '32de35ef1eca22ff3592a2359c82fea0') in 0.044816 seconds 
========================================================================
Received Prepare
Refreshing native plugins compatible for Editor in 3.02 ms, found 1 plugins.
Preloading 0 native plugins for Editor in 0.00 ms.
Unloading 8 Unused Serialized files (Serialized files now loaded: 0)
System memory in use before: 59.1 MB.
System memory in use after: 59.3 MB.

Unloading 8 unused Assets to reduce memory usage. Loaded Objects now: 3148.
Total: 3.050000 ms (FindLiveObjects: 0.445300 ms CreateObjectMapping: 0.276700 ms MarkObjects: 2.279200 ms  DeleteObjects: 0.047500 ms)

========================================================================
Received Import Request.
  Time since last request: 177.526357 seconds.
  path: Assets/Scripts/kameraDegistirme.cs
  artifactKey: Guid(c94cebdf6c3977b4fb82988f137767b8) Importer(815301076,1909f56bfc062723c751e8b465ee728b)
Start importing Assets/Scripts/kameraDegistirme.cs using Guid(c94cebdf6c3977b4fb82988f137767b8) Importer(815301076,1909f56bfc062723c751e8b465ee728b)  -> (artifact id: '39477c4a928f7d26fdfa2101ac87fa68') in 0.011759 seconds 
========================================================================
Received Import Request.
  Time since last request: 20.566358 seconds.
  path: Assets/Scripts/DireksiyonDondur.cs
  artifactKey: Guid(41069e5c365834a418f182e789fd6a59) Importer(815301076,1909f56bfc062723c751e8b465ee728b)
Start importing Assets/Scripts/DireksiyonDondur.cs using Guid(41069e5c365834a418f182e789fd6a59) Importer(815301076,1909f56bfc062723c751e8b465ee728b)  -> (artifact id: 'da5c3defad1aad36295504164cb8198d') in 0.014634 seconds 
========================================================================
Received Prepare
Registering precompiled user dll's ...
Registered in 0.003002 seconds.
Begin MonoManager ReloadAssembly
Native extension for WindowsStandalone target not found
Refreshing native plugins compatible for Editor in 0.73 ms, found 1 plugins.
Preloading 0 native plugins for Editor in 0.00 ms.
Mono: successfully reloaded assembly
- Completed reload, in  0.905 seconds
Platform modules already initialized, skipping
Refreshing native plugins compatible for Editor in 0.53 ms, found 1 plugins.
Preloading 0 native plugins for Editor in 0.00 ms.
Unloading 2666 Unused Serialized files (Serialized files now loaded: 0)
System memory in use before: 112.0 MB.
System memory in use after: 112.2 MB.

Unloading 10 unused Assets to reduce memory usage. Loaded Objects now: 3152.
Total: 4.082100 ms (FindLiveObjects: 0.566700 ms CreateObjectMapping: 0.383900 ms MarkObjects: 3.078000 ms  DeleteObjects: 0.050300 ms)

========================================================================
Received Import Request.
  Time since last request: 316.503583 seconds.
  path: Assets/Scripts/DireksiyonDondur.cs
  artifactKey: Guid(41069e5c365834a418f182e789fd6a59) Importer(815301076,1909f56bfc062723c751e8b465ee728b)
Start importing Assets/Scripts/DireksiyonDondur.cs using Guid(41069e5c365834a418f182e789fd6a59) Importer(815301076,1909f56bfc062723c751e8b465ee728b)  -> (artifact id: '7b00b762f4ec0020d57661694363f67d') in 0.007558 seconds 
AssetImportWorkerClient::OnTransportError - code=2 error=End of file
